[    0.000000] Initializing cgroup subsys cpuset
[    0.000000] Initializing cgroup subsys cpu
[    0.000000] Initializing cgroup subsys cpuacct
[    0.000000] Linux version 4.4.0-210-generic (buildd@lgw01-amd64-009) (gcc version 5.4.0 20160609 (Ubuntu 5.4.0-6ubuntu1~16.04.12) ) #242-Ubuntu SMP Fri Apr 16 09:57:56 UTC 2021 (Ubuntu 4.4.0-210.242-generic 4.4.262)
[    0.000000] Command line: BOOT_IMAGE=/boot/vmlinuz-4.4.0-210-generic root=LABEL=cloudimg-rootfs ro console=tty1 console=ttyS0
[    0.000000] KERNEL supported cpus:
[    0.000000]   Intel GenuineIntel
[    0.000000]   AMD AuthenticAMD
[    0.000000]   Centaur CentaurHauls
[    0.000000] x86/fpu: Legacy x87 FPU detected.
[    0.000000] e820: BIOS-provided physical RAM map:
[    0.000000] BIOS-e820: [mem 0x0000000000000000-0x000000000009fbff] usable
[    0.000000] BIOS-e820: [mem 0x000000000009fc00-0x000000000009ffff] reserved
[    0.000000] BIOS-e820: [mem 0x00000000000f0000-0x00000000000fffff] reserved
[    0.000000] BIOS-e820: [mem 0x0000000000100000-0x000000003e7effff] usable
[    0.000000] BIOS-e820: [mem 0x000000003e7f0000-0x000000003e7fffff] ACPI data
[    0.000000] BIOS-e820: [mem 0x00000000fec00000-0x00000000fec00fff] reserved
[    0.000000] BIOS-e820: [mem 0x00000000fee00000-0x00000000fee00fff] reserved
[    0.000000] BIOS-e820: [mem 0x00000000fffc0000-0x00000000ffffffff] reserved
[    0.000000] NX (Execute Disable) protection: active
[    0.000000] SMBIOS 2.5 present.
[    0.000000] Hypervisor detected: KVM
[    0.000000] Kernel/User page tables isolation: disabled
[    0.000000] e820: last_pfn = 0x3e7f0 max_arch_pfn = 0x400000000
[    0.000000] MTRR: Disabled
[    0.000000] x86/PAT: MTRRs disabled, skipping PAT initialization too.
[    0.000000] CPU MTRRs all blank - virtualized system.
[    0.000000] x86/PAT: Configuration [0-7]: WB  WT  UC- UC  WB  WT  UC- UC  
[    0.000000] found SMP MP-table at [mem 0x0009fff0-0x0009ffff] mapped at [ffff88000009fff0]
[    0.000000] Scanning 1 areas for low memory corruption
[    0.000000] RAMDISK: [mem 0x362dc000-0x37165fff]
[    0.000000] ACPI: Early table checksum verification disabled
[    0.000000] ACPI: RSDP 0x00000000000E0000 000024 (v02 VBOX  )
[    0.000000] ACPI: XSDT 0x000000003E7F0030 00003C (v01 VBOX   VBOXXSDT 00000001 ASL  00000061)
[    0.000000] ACPI: FACP 0x000000003E7F00F0 0000F4 (v04 VBOX   VBOXFACP 00000001 ASL  00000061)
[    0.000000] ACPI: DSDT 0x000000003E7F0470 002325 (v02 VBOX   VBOXBIOS 00000002 INTL 20100528)
[    0.000000] ACPI: FACS 0x000000003E7F0200 000040
[    0.000000] ACPI: FACS 0x000000003E7F0200 000040
[    0.000000] ACPI: APIC 0x000000003E7F0240 000054 (v02 VBOX   VBOXAPIC 00000001 ASL  00000061)
[    0.000000] ACPI: SSDT 0x000000003E7F02A0 0001CC (v01 VBOX   VBOXCPUT 00000002 INTL 20100528)
[    0.000000] No NUMA configuration found
[    0.000000] Faking a node at [mem 0x0000000000000000-0x000000003e7effff]
[    0.000000] NODE_DATA(0) allocated [mem 0x3e7eb000-0x3e7effff]
[    0.000000] kvm-clock: Using msrs 4b564d01 and 4b564d00
[    0.000000] kvm-clock: cpu 0, msr 0:3e7e3001, primary cpu clock
[    0.000000] kvm-clock: using sched offset of 4179634371 cycles
[    0.000000] clocksource: kvm-clock: mask: 0xffffffffffffffff max_cycles: 0x1cd42e4dffb, max_idle_ns: 881590591483 ns
[    0.000000] Zone ranges:
[    0.000000]   DMA      [mem 0x0000000000001000-0x0000000000ffffff]
[    0.000000]   DMA32    [mem 0x0000000001000000-0x000000003e7effff]
[    0.000000]   Normal   empty
[    0.000000]   Device   empty
[    0.000000] Movable zone start for each node
[    0.000000] Early memory node ranges
[    0.000000]   node   0: [mem 0x0000000000001000-0x000000000009efff]
[    0.000000]   node   0: [mem 0x0000000000100000-0x000000003e7effff]
[    0.000000] Initmem setup node 0 [mem 0x0000000000001000-0x000000003e7effff]
[    0.000000] ACPI: PM-Timer IO Port: 0x4008
[    0.000000] IOAPIC[0]: apic_id 1, version 32, address 0xfec00000, GSI 0-23
[    0.000000] ACPI: INT_SRC_OVR (bus 0 bus_irq 0 global_irq 2 dfl dfl)
[    0.000000] ACPI: INT_SRC_OVR (bus 0 bus_irq 9 global_irq 9 low level)
[    0.000000] Using ACPI (MADT) for SMP configuration information
[    0.000000] smpboot: Allowing 1 CPUs, 0 hotplug CPUs
[    0.000000] PM: Registered nosave memory: [mem 0x00000000-0x00000fff]
[    0.000000] PM: Registered nosave memory: [mem 0x0009f000-0x0009ffff]
[    0.000000] PM: Registered nosave memory: [mem 0x000a0000-0x000effff]
[    0.000000] PM: Registered nosave memory: [mem 0x000f0000-0x000fffff]
[    0.000000] e820: [mem 0x3e800000-0xfebfffff] available for PCI devices
[    0.000000] Booting paravirtualized kernel on KVM
[    0.000000] clocksource: refined-jiffies: mask: 0xffffffff max_cycles: 0xffffffff, max_idle_ns: 7645519600211568 ns
[    0.000000] setup_percpu: NR_CPUS:512 nr_cpumask_bits:512 nr_cpu_ids:1 nr_node_ids:1
[    0.000000] PERCPU: Embedded 33 pages/cpu @ffff88003e400000 s95192 r8192 d31784 u2097152
[    0.000000] Built 1 zonelists in Node order, mobility grouping on.  Total pages: 251864
[    0.000000] Policy zone: DMA32
[    0.000000] Kernel command line: BOOT_IMAGE=/boot/vmlinuz-4.4.0-210-generic root=LABEL=cloudimg-rootfs ro console=tty1 console=ttyS0
[    0.000000] PID hash table entries: 4096 (order: 3, 32768 bytes)
[    0.000000] Memory: 973348K/1023544K available (8644K kernel code, 1332K rwdata, 4044K rodata, 1492K init, 1164K bss, 50196K reserved, 0K cma-reserved)
[    0.000000] SLUB: HWalign=64, Order=0-3, MinObjects=0, CPUs=1, Nodes=1
[    0.000000] Hierarchical RCU implementation.
[    0.000000] 	Build-time adjustment of leaf fanout to 64.
[    0.000000] 	RCU restricting CPUs from NR_CPUS=512 to nr_cpu_ids=1.
[    0.000000] RCU: Adjusting geometry for rcu_fanout_leaf=64, nr_cpu_ids=1
[    0.000000] NR_IRQS:33024 nr_irqs:256 16
[    0.000000] Console: colour VGA+ 80x25
[    0.000000] console [tty1] enabled
[    0.000000] console [ttyS0] enabled
[    0.000000] tsc: Detected 1497.603 MHz processor
[    0.666875] Calibrating delay loop (skipped) preset value.. 2995.20 BogoMIPS (lpj=5990412)
[    0.674391] pid_max: default: 32768 minimum: 301
[    0.679152] ACPI: Core revision 20150930
[    0.686272] ACPI: 2 ACPI AML tables successfully acquired and loaded
[    0.701084] Security Framework initialized
[    0.710398] Yama: becoming mindful.
[    0.713883] AppArmor: AppArmor initialized
[    0.721773] Dentry cache hash table entries: 131072 (order: 8, 1048576 bytes)
[    0.742206] Inode-cache hash table entries: 65536 (order: 7, 524288 bytes)
[    0.757950] Mount-cache hash table entries: 2048 (order: 2, 16384 bytes)
[    0.767408] Mountpoint-cache hash table entries: 2048 (order: 2, 16384 bytes)
[    0.774943] Initializing cgroup subsys io
[    0.780993] Initializing cgroup subsys memory
[    0.786941] Initializing cgroup subsys devices
[    0.791108] Initializing cgroup subsys freezer
[    0.795026] Initializing cgroup subsys net_cls
[    0.799291] Initializing cgroup subsys perf_event
[    0.803626] Initializing cgroup subsys net_prio
[    0.807926] Initializing cgroup subsys hugetlb
[    0.813310] Initializing cgroup subsys pids
[    0.824355] mce: CPU supports 0 MCE banks
[    0.832325] Last level iTLB entries: 4KB 0, 2MB 0, 4MB 0
[    0.844030] Last level dTLB entries: 4KB 0, 2MB 0, 4MB 0, 1GB 0
[    0.852461] Spectre V1 : Mitigation: usercopy/swapgs barriers and __user pointer sanitization
[    0.870227] Spectre V2 : Mitigation: Enhanced IBRS
[    0.880727] Spectre V2 : Spectre v2 / SpectreRSB mitigation: Filling RSB on context switch
[    0.902441] Speculative Store Bypass: Vulnerable
[    1.204514] Freeing SMP alternatives memory: 36K
[    1.313729] ftrace: allocating 32380 entries in 127 pages
[    2.098615] smpboot: APIC(0) Converting physical 0 to logical package 0
[    2.110464] smpboot: Max logical packages: 1
[    2.130542] ..TIMER: vector=0x30 apic1=0 pin1=2 apic2=-1 pin2=-1
[    2.247414] smpboot: CPU0: Intel(R) Core(TM) i7-1065G7 CPU @ 1.30GHz (family: 0x6, model: 0x7e, stepping: 0x5)
[    2.261832] Performance Events: unsupported p6 CPU model 126 no PMU driver, software events only.
[    2.379569] KVM setup paravirtual spinlock
[    2.385612] x86: Booted up 1 node, 1 CPUs
[    2.390038] smpboot: Total of 1 processors activated (2995.20 BogoMIPS)
[    2.412011] devtmpfs: initialized
[    2.422506] evm: security.selinux
[    2.425633] evm: security.SMACK64
[    2.428583] evm: security.SMACK64EXEC
[    2.431902] evm: security.SMACK64TRANSMUTE
[    2.437668] evm: security.SMACK64MMAP
[    2.441637] evm: security.ima
[    2.444945] evm: security.capability
[    2.448902] clocksource: jiffies: mask: 0xffffffff max_cycles: 0xffffffff, max_idle_ns: 7645041785100000 ns
[    2.461158] futex hash table entries: 256 (order: 2, 16384 bytes)
[    2.468076] pinctrl core: initialized pinctrl subsystem
[    2.474977] RTC time: 13:55:12, date: 05/17/22
[    2.481158] NET: Registered protocol family 16
[    2.486465] cpuidle: using governor ladder
[    2.491521] cpuidle: using governor menu
[    2.496887] PCCT header not found.
[    2.501643] ACPI: bus type PCI registered
[    2.505938] acpiphp: ACPI Hot Plug PCI Controller Driver version: 0.5
[    2.513960] PCI: Using configuration type 1 for base access
[    2.528749] ACPI: Added _OSI(Module Device)
[    2.544120] ACPI: Added _OSI(Processor Device)
[    2.553488] ACPI: Added _OSI(3.0 _SCP Extensions)
[    2.557974] ACPI: Added _OSI(Processor Aggregator Device)
[    2.563696] ACPI: Executed 1 blocks of module-level executable AML code
[    2.573021] ACPI: Interpreter enabled
[    2.582675] ACPI: (supports S0 S5)
[    2.587019] ACPI: Using IOAPIC for interrupt routing
[    2.594673] PCI: Using host bridge windows from ACPI; if necessary, use "pci=nocrs" and report a bug
[    2.611835] ACPI: PCI Root Bridge [PCI0] (domain 0000 [bus 00-ff])
[    2.617219] acpi PNP0A03:00: _OSC: OS supports [ASPM ClockPM Segments MSI]
[    2.624866] acpi PNP0A03:00: _OSC: not requesting OS control; OS requires [ExtendedConfig ASPM ClockPM MSI]
[    2.634390] acpi PNP0A03:00: fail to add MMCONFIG information, can't access extended PCI configuration space under this bridge.
[    2.647171] PCI host bridge to bus 0000:00
[    2.650707] pci_bus 0000:00: root bus resource [io  0x0000-0x0cf7 window]
[    2.656116] pci_bus 0000:00: root bus resource [io  0x0d00-0xffff window]
[    2.661468] pci_bus 0000:00: root bus resource [mem 0x000a0000-0x000bffff window]
[    2.668089] pci_bus 0000:00: root bus resource [mem 0x3e800000-0xfdffffff window]
[    2.674441] pci_bus 0000:00: root bus resource [bus 00-ff]
[    2.686550] pci 0000:00:01.1: legacy IDE quirk: reg 0x10: [io  0x01f0-0x01f7]
[    2.692122] pci 0000:00:01.1: legacy IDE quirk: reg 0x14: [io  0x03f6]
[    2.698155] pci 0000:00:01.1: legacy IDE quirk: reg 0x18: [io  0x0170-0x0177]
[    2.705236] pci 0000:00:01.1: legacy IDE quirk: reg 0x1c: [io  0x0376]
[    2.730078] pci 0000:00:07.0: quirk: [io  0x4000-0x403f] claimed by PIIX4 ACPI
[    2.737488] pci 0000:00:07.0: quirk: [io  0x4100-0x410f] claimed by PIIX4 SMB
[    2.753863] ACPI: PCI Interrupt Link [LNKA] (IRQs 5 9 10 *11)
[    2.763708] ACPI: PCI Interrupt Link [LNKB] (IRQs 5 9 *10 11)
[    2.772917] ACPI: PCI Interrupt Link [LNKC] (IRQs 5 *9 10 11)
[    2.781483] ACPI: PCI Interrupt Link [LNKD] (IRQs 5 9 10 *11)
[    2.789889] ACPI: Enabled 2 GPEs in block 00 to 07
[    2.795820] vgaarb: setting as boot device: PCI:0000:00:02.0
[    2.801828] vgaarb: device added: PCI:0000:00:02.0,decodes=io+mem,owns=io+mem,locks=none
[    2.836218] vgaarb: loaded
[    2.841503] vgaarb: bridge control possible 0000:00:02.0
[    2.847827] SCSI subsystem initialized
[    2.851289] ACPI: bus type USB registered
[    2.854844] usbcore: registered new interface driver usbfs
[    2.860675] usbcore: registered new interface driver hub
[    2.866088] usbcore: registered new device driver usb
[    2.872479] PCI: Using ACPI for IRQ routing
[    2.878414] NetLabel: Initializing
[    2.882484] NetLabel:  domain hash size = 128
[    2.888822] NetLabel:  protocols = UNLABELED CIPSOv4
[    2.894178] NetLabel:  unlabeled traffic allowed by default
[    2.901697] amd_nb: Cannot enumerate AMD northbridges
[    2.907403] clocksource: Switched to clocksource kvm-clock
[    2.951181] AppArmor: AppArmor Filesystem Enabled
[    2.956841] pnp: PnP ACPI init
[    2.963618] pnp: PnP ACPI: found 3 devices
[    2.975751] clocksource: acpi_pm: mask: 0xffffff max_cycles: 0xffffff, max_idle_ns: 2085701024 ns
[    2.983040] NET: Registered protocol family 2
[    2.986965] TCP established hash table entries: 8192 (order: 4, 65536 bytes)
[    2.992666] TCP bind hash table entries: 8192 (order: 5, 131072 bytes)
[    2.998240] TCP: Hash tables configured (established 8192 bind 8192)
[    3.004164] UDP hash table entries: 512 (order: 2, 16384 bytes)
[    3.010537] UDP-Lite hash table entries: 512 (order: 2, 16384 bytes)
[    3.016503] NET: Registered protocol family 1
[    3.023792] pci 0000:00:00.0: Limiting direct PCI/PCI transfers
[    3.033352] pci 0000:00:01.0: Activating ISA DMA hang workarounds
[    3.043869] Unpacking initramfs...
[    3.496550] Freeing initrd memory: 14888K
[    3.503571] clocksource: tsc: mask: 0xffffffffffffffff max_cycles: 0x15964a3c5e7, max_idle_ns: 440795236379 ns
[    3.518686] platform rtc_cmos: registered platform RTC device (no PNP device found)
[    3.527590] Scanning for low memory corruption every 60 seconds
[    3.533934] audit: initializing netlink subsys (disabled)
[    3.540048] audit: type=2000 audit(1652795717.276:1): initialized
[    3.548089] Initialise system trusted keyring
[    3.553132] HugeTLB registered 2 MB page size, pre-allocated 0 pages
[    3.561015] zbud: loaded
[    3.563569] VFS: Disk quotas dquot_6.6.0
[    3.566971] VFS: Dquot-cache hash table entries: 512 (order 0, 4096 bytes)
[    3.573887] squashfs: version 4.0 (2009/01/31) Phillip Lougher
[    3.580554] fuse init (API version 7.23)
[    3.586194] Key type big_key registered
[    3.592105] Allocating IMA MOK and blacklist keyrings.
[    3.603797] Key type asymmetric registered
[    3.611876] Asymmetric key parser 'x509' registered
[    3.620399] Block layer SCSI generic (bsg) driver version 0.4 loaded (major 249)
[    3.632249] io scheduler noop registered
[    3.636914] io scheduler deadline registered (default)
[    3.642256] io scheduler cfq registered
[    3.645741] pci_hotplug: PCI Hot Plug PCI Core version: 0.5
[    3.650116] pciehp: PCI Express Hot Plug Controller Driver version: 0.4
[    3.655600] ACPI: AC Adapter [AC] (on-line)
[    3.659269] input: Power Button as /devices/LNXSYSTM:00/LNXPWRBN:00/input/input0
[    3.668667] ACPI: Power Button [PWRF]
[    3.675412] input: Sleep Button as /devices/LNXSYSTM:00/LNXSLPBN:00/input/input1
[    3.682426] ACPI: Sleep Button [SLPF]
[    3.687621] GHES: HEST is not enabled!
[    3.692180] ACPI: Battery Slot [BAT0] (battery present)
[    3.696977] Serial: 8250/16550 driver, 32 ports, IRQ sharing enabled
[    3.732606] 00:02: ttyS0 at I/O 0x3f8 (irq = 4, base_baud = 115200) is a 16550A
[    3.741919] Linux agpgart interface v0.103
[    3.750442] loop: module loaded
[    3.756498] scsi host0: ata_piix
[    3.760980] scsi host1: ata_piix
[    3.764505] ata1: PATA max UDMA/33 cmd 0x1f0 ctl 0x3f6 bmdma 0xd000 irq 14
[    3.770195] ata2: PATA max UDMA/33 cmd 0x170 ctl 0x376 bmdma 0xd008 irq 15
[    3.778390] libphy: Fixed MDIO Bus: probed
[    3.782523] tun: Universal TUN/TAP device driver, 1.6
[    3.786674] tun: (C) 1999-2004 Max Krasnyansky <maxk@qualcomm.com>
[    3.791980] PPP generic driver version 2.4.2
[    3.798274] ehci_hcd: USB 2.0 'Enhanced' Host Controller (EHCI) Driver
[    3.804345] ehci-pci: EHCI PCI platform driver
[    3.808048] ehci-platform: EHCI generic platform driver
[    3.816123] ohci_hcd: USB 1.1 'Open' Host Controller (OHCI) Driver
[    3.825421] ohci-pci: OHCI PCI platform driver
[    3.835006] ohci-platform: OHCI generic platform driver
[    3.843638] uhci_hcd: USB Universal Host Controller Interface driver
[    3.850316] i8042: PNP: PS/2 Controller [PNP0303:PS2K,PNP0f03:PS2M] at 0x60,0x64 irq 1,12
[    3.860622] serio: i8042 KBD port at 0x60,0x64 irq 1
[    3.866823] serio: i8042 AUX port at 0x60,0x64 irq 12
[    3.871446] mousedev: PS/2 mouse device common for all mice
[    3.879170] rtc_cmos rtc_cmos: rtc core: registered rtc_cmos as rtc0
[    3.891016] rtc_cmos rtc_cmos: alarms up to one day, 114 bytes nvram
[    3.903412] i2c /dev entries driver
[    3.911460] device-mapper: uevent: version 1.0.3
[    3.917156] device-mapper: ioctl: 4.34.0-ioctl (2015-10-28) initialised: dm-devel@redhat.com
[    3.929350] ledtrig-cpu: registered to indicate activity on CPUs
[    3.938720] NET: Registered protocol family 10
[    3.944959] NET: Registered protocol family 17
[    3.951160] Key type dns_resolver registered
[    3.956349] registered taskstats version 1
[    3.962229] Loading compiled-in X.509 certificates
[    3.969211] Loaded X.509 cert 'Build time autogenerated kernel key: cf00e047681d67edb2720680708b7d9498083038'
[    3.980962] zswap: loaded using pool lzo/zbud
[    4.051298] input: AT Translated Set 2 keyboard as /devices/platform/i8042/serio0/input/input2
[    4.066064] Key type trusted registered
[    4.080884] Key type encrypted registered
[    4.086697] AppArmor: AppArmor sha1 policy hashing enabled
[    4.092346] ima: No TPM chip found, activating TPM-bypass!
[    4.096938] ima: Allocated hash algorithm: sha1
[    4.100692] evm: HMAC attrs: 0x1
[    4.104361]   Magic number: 6:540:938
[    4.110516] rtc_cmos rtc_cmos: setting system clock to 2022-05-17 13:55:14 UTC (1652795714)
[    4.123766] BIOS EDD facility v0.16 2004-Jun-25, 0 devices found
[    4.134924] EDD information not available.
[    4.144801] Freeing unused kernel memory: 1492K
[    4.155596] Write protecting the kernel read-only data: 14336k
[    4.165999] Freeing unused kernel memory: 1584K
[    4.172529] Freeing unused kernel memory: 52K
Loading, please wait...
starting version 229
[    4.191663] random: udevadm: uninitialized urandom read (16 bytes read, 4 bits of entropy available)
[    4.205692] random: udevadm: uninitialized urandom read (16 bytes read, 4 bits of entropy available)
[    4.219634] random: systemd-udevd: uninitialized urandom read (16 bytes read, 4 bits of entropy available)
[    4.234721] random: systemd-udevd: uninitialized urandom read (16 bytes read, 4 bits of entropy available)
[    4.248574] random: systemd-udevd: uninitialized urandom read (16 bytes read, 4 bits of entropy available)
[    4.260821] random: systemd-udevd: uninitialized urandom read (16 bytes read, 4 bits of entropy available)
[    4.281395] random: udevadm: uninitialized urandom read (16 bytes read, 4 bits of entropy available)
[    4.291913] random: udevadm: uninitialized urandom read (16 bytes read, 4 bits of entropy available)
[    4.303784] random: udevadm: uninitialized urandom read (16 bytes read, 4 bits of entropy available)
[    4.318293] random: udevadm: uninitialized urandom read (16 bytes read, 4 bits of entropy available)
[    4.476595] Fusion MPT base driver 3.04.20
[    4.481491] Copyright (c) 1999-2008 LSI Corporation
[    4.499642] e1000: Intel(R) PRO/1000 Network Driver - version 7.3.21-k8-NAPI
[    4.511409] e1000: Copyright (c) 1999-2006 Intel Corporation.
[    4.587888] Fusion MPT SPI Host driver 3.04.20
[    5.104829] input: ImExPS/2 Generic Explorer Mouse as /devices/platform/i8042/serio1/input/input4
[    5.358772] e1000 0000:00:03.0 eth0: (PCI:33MHz:32-bit) 02:be:82:6b:cc:1d
[    5.368161] e1000 0000:00:03.0 eth0: Intel(R) PRO/1000 Network Connection
[    5.396137] mptbase: ioc0: Initiating bringup
[    5.483196] ioc0: LSI53C1030 A0: Capabilities={Initiator}
[    5.683803] scsi host2: ioc0: LSI53C1030 A0, FwRev=00000000h, Ports=1, MaxQ=256, IRQ=20
[    5.811897] scsi 2:0:0:0: Direct-Access     VBOX     HARDDISK         1.0  PQ: 0 ANSI: 5
[    5.818920] scsi target2:0:0: Beginning Domain Validation
[    5.833197] scsi target2:0:0: Domain Validation skipping write tests
[    5.839110] scsi target2:0:0: Ending Domain Validation
[    5.852824] scsi target2:0:0: asynchronous
[    5.898295] scsi 2:0:1:0: Direct-Access     VBOX     HARDDISK         1.0  PQ: 0 ANSI: 5
[    5.912434] scsi target2:0:1: Beginning Domain Validation
[    6.056898] scsi target2:0:1: Domain Validation skipping write tests
[    6.065906] scsi target2:0:1: Ending Domain Validation
[    6.078962] scsi target2:0:1: asynchronous
[    6.275162] sd 2:0:0:0: Attached scsi generic sg0 type 0
[    6.282109] sd 2:0:1:0: Attached scsi generic sg1 type 0
[    6.289095] sd 2:0:0:0: [sda] 83886080 512-byte logical blocks: (42.9 GB/40.0 GiB)
[    6.299675] sd 2:0:1:0: [sdb] 20480 512-byte logical blocks: (10.5 MB/10.0 MiB)
[    6.316495] sd 2:0:1:0: [sdb] Write Protect is off
[    6.323197] sd 2:0:0:0: [sda] Write Protect is off
[    6.337780] sd 2:0:1:0: [sdb] Incomplete mode parameter data
[    6.343914] sd 2:0:1:0: [sdb] Assuming drive cache: write through
[    6.351128] sd 2:0:0:0: [sda] Incomplete mode parameter data
[    6.355723] sd 2:0:0:0: [sda] Assuming drive cache: write through
[    6.404868]  sda: sda1
[    6.411013] sd 2:0:0:0: [sda] Attached SCSI disk
[    6.429164] sd 2:0:1:0: [sdb] Attached SCSI disk
[    6.775962] e1000 0000:00:08.0 eth1: (PCI:33MHz:32-bit) 08:00:27:ce:3d:fa
[    6.788617] e1000 0000:00:08.0 eth1: Intel(R) PRO/1000 Network Connection
[    6.803877] e1000 0000:00:08.0 enp0s8: renamed from eth1
[    6.815942] e1000 0000:00:03.0 enp0s3: renamed from eth0
Begin: Loading essential drivers ... [    8.646349] md: linear personality registered for level -1
[    8.656509] md: multipath personality registered for level -4
[    8.676814] md: raid0 personality registered for level 0
[    8.704887] md: raid1 personality registered for level 1
[    8.791610] raid6: sse2x1   gen() 10291 MB/s
[    8.877725] raid6: sse2x1   xor()  4754 MB/s
[    8.963087] raid6: sse2x2   gen()  8980 MB/s
[    9.037524] raid6: sse2x2   xor() 11808 MB/s
[    9.112087] raid6: sse2x4   gen() 13823 MB/s
[    9.196192] raid6: sse2x4   xor()  4650 MB/s
[    9.201721] raid6: using algorithm sse2x4 gen() 13823 MB/s
[    9.207298] raid6: .... xor() 4650 MB/s, rmw enabled
[    9.212501] raid6: using ssse3x2 recovery algorithm
[    9.220661] xor: measuring software checksum speed
[    9.345932]    prefetch64-sse: 66748.000 MB/sec
[    9.475247]    generic_sse: 77825.000 MB/sec
[    9.482759] xor: using function: generic_sse (77825.000 MB/sec)
[    9.497708] async_tx: api initialized (async)
[    9.553866] md: raid6 personality registered for level 6
[    9.571939] md: raid5 personality registered for level 5
[    9.581814] md: raid4 personality registered for level 4
[    9.614188] md: raid10 personality registered for level 10
done.
Begin: Running /scripts/init-premount ... done.
Begin: Mounting root file system ... Begin: Running /scripts/local-top ... done.
Begin: Running /scripts/local-premount ... [    9.725633] Btrfs loaded
Scanning for Btrfs filesystems
done.
Warning: fsck not present, so skipping root file system
[    9.814040] EXT4-fs (sda1): mounted filesystem with ordered data mode. Opts: (null)
done.
Begin: Running /scripts/local-bottom ... done.
Begin: Running /scripts/init-bottom ... done.
[   10.006385] systemd[1]: systemd 229 running in system mode. (+PAM +AUDIT +SELINUX +IMA +APPARMOR +SMACK +SYSVINIT +UTMP +LIBCRYPTSETUP +GCRYPT +GNUTLS +ACL +XZ -LZ4 +SECCOMP +BLKID +ELFUTILS +KMOD -IDN)
[   10.027501] systemd[1]: Detected virtualization oracle.
[   10.032674] systemd[1]: Detected architecture x86-64.

Welcome to [1mUbuntu 16.04.7 LTS[0m!

[   10.048486] systemd[1]: Set hostname to <ubuntu>.
[   10.057755] systemd[1]: Initializing machine ID from random generator.
[   10.063017] systemd[1]: Installed transient /etc/machine-id file.
[   10.279336] systemd[1]: Listening on Device-mapper event daemon FIFOs.
[[0;32m  OK  [0m] Listening on Device-mapper event daemon FIFOs.
[   10.296256] systemd[1]: Created slice System Slice.
[[0;32m  OK  [0m] Created slice System Slice.
[   10.305356] systemd[1]: Listening on Journal Socket.
[[0;32m  OK  [0m] Listening on Journal Socket.
[   10.315540] systemd[1]: Mounting Huge Pages File System...
         Mounting Huge Pages File System...
[   10.330700] systemd[1]: Created slice User and Session Slice.
[[0;32m  OK  [0m] Created slice User and Session Slice.
[   10.340543] systemd[1]: Reached target System Time Synchronized.
[[0;32m  OK  [0m] Reached target System Time Synchronized.
[   10.349130] systemd[1]: Listening on udev Kernel Socket.
[[0;32m  OK  [0m] Listening on udev Kernel Socket.
[   10.364847] systemd[1]: Set up automount Arbitrary Executable File Formats File System Automount Point.
[[0;32m  OK  [0m] Set up automount Arbitrary Executab...ats File System Automount Point.
[   10.391166] systemd[1]: Listening on LVM2 metadata daemon socket.
[[0;32m  OK  [0m] Listening on LVM2 metadata daemon socket.
[   10.403556] systemd[1]: Starting Monitoring of LVM2 mirrors, snapshots etc. using dmeventd or progress polling...
         Starting Monitoring of LVM2 mirrors... dmeventd or progress polling...
[   10.417019] systemd[1]: Started Forward Password Requests to Wall Directory Watch.
[[0;32m  OK  [0m] Started Forward Password Requests to Wall Directory Watch.
[   10.429960] systemd[1]: Started Trigger resolvconf update for networkd DNS.
[[0;32m  OK  [0m] Started Trigger resolvconf update for networkd DNS.
[   10.445174] systemd[1]: Listening on LVM2 poll daemon socket.
[[0;32m  OK  [0m] Listening on LVM2 poll daemon socket.
[   10.454151] systemd[1]: Listening on Journal Socket (/dev/log).
[[0;32m  OK  [0m] Listening on Journal Socket (/dev/log).
[   10.464272] systemd[1]: Listening on fsck to fsckd communication Socket.
[[0;32m  OK  [0m] Listening on fsck to fsckd communication Socket.
[   10.473553] systemd[1]: Reached target Slices.
[[0;32m  OK  [0m] Reached target Slices.
[   10.480588] systemd[1]: Starting Uncomplicated firewall...
         Starting Uncomplicated firewall...
[   10.490476] systemd[1]: Starting Set console keymap...
         Starting Set console keymap...
[   10.506040] systemd[1]: Listening on /dev/initctl Compatibility Named Pipe.
[[0;32m  OK  [0m] Listening on /dev/initctl Compatibility Named Pipe.
[   10.529561] systemd[1]: Mounting POSIX Message Queue File System...
         Mounting POSIX Message Queue File System...
[   10.555820] systemd[1]: Created slice system-serial\x2dgetty.slice.
[[0;32m  OK  [0m] Created slice system-serial\x2dgetty.slice.
[   10.605003] systemd[1]: Starting File System Check on Root Device...
         Starting File System Check on Root Device...
[   10.633797] systemd[1]: Reached target Encrypted Volumes.
[[0;32m  OK  [0m] Reached target Encrypted Volumes.
[   10.654372] systemd[1]: Listening on Journal Audit Socket.
[[0;32m  OK  [0m] Listening on Journal Audit Socket.
[   10.666731] systemd[1]: Starting Nameserver information manager...
         Starting Nameserver information manager...
[   10.690830] systemd[1]: Starting Load Kernel Modules...
         Starting Load Kernel Modules...
[   10.705106] systemd[1]: Starting Create list of required static device nodes for the current kernel...
[   10.716071] random: nonblocking pool is initialized
         Starting Create list of required st... nodes for the current kernel...
[   10.732998] systemd[1]: Reached target Swap.
[   10.749721] Loading iSCSI transport class v2.0-870.
[[0;32m  OK  [0m] Reached target Swap.
[   10.758024] systemd[1]: Mounting Debug File System...
[   10.773503] iscsi: registered transport (tcp)
         Mounting Debug File System...
[   10.781499] systemd[1]: Listening on udev Control Socket.
[[0;32m  OK  [0m] Listening on udev Control Socket.
[   10.792807] systemd[1]: Reached target User and Group Name Lookups.
[[0;32m  OK  [0m] Reached target User and Group Name Lookups.
[   10.809483] systemd[1]: Listening on Syslog Socket.
[[0;32m  OK  [0m] Listening on Syslog Socket.
[   10.853336] systemd[1]: Starting Journal Service...
         Starting Journal Service...
[   10.871885] systemd[1]: Mounted Huge Pages File System.
[[0;32m  OK  [0m] Mounted Huge Pages File System.
[   10.903491] systemd[1]: Mounted POSIX Message Queue File System.
[[0;32m  OK  [0m] Mounted POSIX Message Queue File System.
[   10.935037] systemd[1]: Mounted Debug File System.
[   10.959724] iscsi: registered transport (iser)
[[0;32m  OK  [0m] Mounted Debug File System.
[   10.972272] systemd[1]: Started Journal Service.
[[0;32m  OK  [0m] Started Journal Service.
[[0;32m  OK  [0m] Started Uncomplicated firewall.
[[0;32m  OK  [0m] Started Set console keymap.
[[0;32m  OK  [0m] Started File System Check on Root Device.
[[0;32m  OK  [0m] Started Load Kernel Modules.
[[0;32m  OK  [0m] Started Create list of required sta...ce nodes for the current kernel.
[[0;32m  OK  [0m] Started Nameserver information manager.
[[0;32m  OK  [0m] Started LVM2 metadata daemon.
[[0;32m  OK  [0m] Started File System Check Daemon to report status.
         Starting Create Static Device Nodes in /dev...
         Starting Apply Kernel Variables...
         Mounting FUSE Control File System...
         Starting Remount Root and Kernel File Systems...
[[0;32m  OK  [0m] Mounted FUSE Control File System.
[[0;32m  OK  [0m] Started Apply Kernel Variables.
[[0;32m  OK  [0m] Started Remount Root and Kernel File Systems.
         Starting Load/Save Random Seed...
         Starting udev Coldplug all Devices...
         Starting Flush Journal to Persistent Storage...
[[0;32m  OK  [0m] Started Load/Save Random Seed.
[[0;32m  OK  [0m] Started Flush Journal to Persistent Storage.
[[0;32m  OK  [0m] Started Create Static Device Nodes in /dev.
         Starting udev Kernel Device Manager...
[[0;32m  OK  [0m] Started udev Kernel Device Manager.
[[0;32m  OK  [0m] Started udev Coldplug all Devices.
[[0;32m  OK  [0m] Started Dispatch Password Requests to Console Directory Watch.
[[0;32m  OK  [0m] Found device /dev/ttyS0.
[[0;32m  OK  [0m] Started Monitoring of LVM2 mirrors,...ng dmeventd or progress polling.
[[0;32m  OK  [0m] Reached target Local File Systems (Pre).
[[0;32m  OK  [0m] Reached target Local File Systems.
         Starting Tell Plymouth To Write Out Runtime Data...
         Starting LSB: AppArmor initialization...
         Starting Commit a transient machine-id on disk...
         Starting Initial cloud-init job (pre-networking)...
         Starting Create Volatile Files and Directories...
         Starting Set console font and keymap...
[[0;32m  OK  [0m] Started Tell Plymouth To Write Out Runtime Data.
[[0;32m  OK  [0m] Started Commit a transient machine-id on disk.
[[0;32m  OK  [0m] Started Create Volatile Files and Directories.
         Starting Update UTMP about System Boot/Shutdown...
[[0;32m  OK  [0m] Started Update UTMP about System Boot/Shutdown.
[[0;32m  OK  [0m] Listening on Load/Save RF Kill Switch Status /dev/rfkill Watch.
[[0;32m  OK  [0m] Started LSB: AppArmor initialization.
         Starting Load AppArmor profiles managed internally by snapd...
[   12.622904] cloud-init[496]: Cloud-init v. 21.1-19-gbad84ad4-0ubuntu1~16.04.2 running 'init-local' at Tue, 17 May 2022 13:55:24 +0000. Up 11.92 seconds.
[[0;32m  OK  [0m] Started Initial cloud-init job (pre-networking).
[[0;32m  OK  [0m] Reached target Network (Pre).
         Starting Raise network interfaces...
[[0;32m  OK  [0m] Started Load AppArmor profiles managed internally by snapd.
[[0;32m  OK  [0m] Started Set console font and keymap.
[[0;32m  OK  [0m] Created slice system-getty.slice.
[[0;32m  OK  [0m] Started Raise network interfaces.
[[0;32m  OK  [0m] Reached target Network.
         Starting Initial cloud-init job (metadata service crawler)...
[   15.353405] cloud-init[954]: Cloud-init v. 21.1-19-gbad84ad4-0ubuntu1~16.04.2 running 'init' at Tue, 17 May 2022 13:55:27 +0000. Up 14.66 seconds.
[   15.425712] cloud-init[954]: ci-info: ++++++++++++++++++++++++++++++++++++++Net device info+++++++++++++++++++++++++++++++++++++++
[   15.427143] cloud-init[954]: ci-info: +--------+-------+----------------------------+---------------+--------+-------------------+
[   15.427350] cloud-init[954]: ci-info: | Device |   Up  |          Address           |      Mask     | Scope  |     Hw-Address    |
[   15.427544] cloud-init[954]: ci-info: +--------+-------+----------------------------+---------------+--------+-------------------+
[   15.427628] cloud-init[954]: ci-info: | enp0s3 |  True |         10.0.2.15          | 255.255.255.0 | global | 02:be:82:6b:cc:1d |
[   15.427711] cloud-init[954]: ci-info: | enp0s3 |  True | fe80::be:82ff:fe6b:cc1d/64 |       .       |  link  | 02:be:82:6b:cc:1d |
[   15.427770] cloud-init[954]: ci-info: | enp0s8 | False |             .              |       .       |   .    | 08:00:27:ce:3d:fa |
[   15.427817] cloud-init[954]: ci-info: |   lo   |  True |         127.0.0.1          |   255.0.0.0   |  host  |         .         |
[   15.427862] cloud-init[954]: ci-info: |   lo   |  True |          ::1/128           |       .       |  host  |         .         |
[   15.427935] cloud-init[954]: ci-info: +--------+-------+----------------------------+---------------+--------+-------------------+
[   15.427992] cloud-init[954]: ci-info: +++++++++++++++++++++++++++Route IPv4 info++++++++++++++++++++++++++++
[   15.428040] cloud-init[954]: ci-info: +-------+-------------+----------+---------------+-----------+-------+
[   15.428085] cloud-init[954]: ci-info: | Route | Destination | Gateway  |    Genmask    | Interface | Flags |
[   15.428129] cloud-init[954]: ci-info: +-------+-------------+----------+---------------+-----------+-------+
[   15.428173] cloud-init[954]: ci-info: |   0   |   0.0.0.0   | 10.0.2.2 |    0.0.0.0    |   enp0s3  |   UG  |
[   15.428217] cloud-init[954]: ci-info: |   1   |   10.0.2.0  | 0.0.0.0  | 255.255.255.0 |   enp0s3  |   U   |
[   15.428262] cloud-init[954]: ci-info: +-------+-------------+----------+---------------+-----------+-------+
[   15.428325] cloud-init[954]: ci-info: +++++++++++++++++++Route IPv6 info+++++++++++++++++++
[   15.428370] cloud-init[954]: ci-info: +-------+-------------+---------+-----------+-------+
[   15.428414] cloud-init[954]: ci-info: | Route | Destination | Gateway | Interface | Flags |
[   15.428457] cloud-init[954]: ci-info: +-------+-------------+---------+-----------+-------+
[   15.428500] cloud-init[954]: ci-info: |   0   |  fe80::/64  |    ::   |   enp0s3  |   U   |
[   15.428563] cloud-init[954]: ci-info: |   3   |   ff00::/8  |    ::   |   enp0s3  |   U   |
[   15.428609] cloud-init[954]: ci-info: +-------+-------------+---------+-----------+-------+
[   15.428654] cloud-init[954]: Generating public/private rsa key pair.
[   15.428699] cloud-init[954]: Your identification has been saved in /etc/ssh/ssh_host_rsa_key.
[   15.428743] cloud-init[954]: Your public key has been saved in /etc/ssh/ssh_host_rsa_key.pub.
[   15.428787] cloud-init[954]: The key fingerprint is:
[   15.428831] cloud-init[954]: SHA256:1EkmYVLxyujXOTp8oF1P8sfjXlPMp4nez8ViZ/h3pBs root@ubuntu-xenial
[   15.428902] cloud-init[954]: The key's randomart image is:
[   15.428955] cloud-init[954]: +---[RSA 2048]----+
[   15.429001] cloud-init[954]: |      ..*oo      |
[   15.429110] cloud-init[954]: |       o * .     |
[   15.429226] cloud-init[954]: |        . +      |
[   15.429347] cloud-init[954]: |       + .     o |
[   15.429456] cloud-init[954]: |      . S       =|
[   15.429575] cloud-init[954]: |     .  ..o... =+|
[   15.429695] cloud-init[954]: |      .+.o+=..E+*|
[   15.429820] cloud-init[954]: |      ..+..ooo=O=|
[   15.430012] cloud-init[954]: |        .o  .+=+*|
[   15.430132] cloud-init[954]: +----[SHA256]-----+
[   15.430236] cloud-init[954]: Generating public/private dsa key pair.
[   15.430340] cloud-init[954]: Your identification has been saved in /etc/ssh/ssh_host_dsa_key.
[   15.430443] cloud-init[954]: Your public key has been saved in /etc/ssh/ssh_host_dsa_key.pub.[[0;32m  OK  [0m] Started Initial cloud-init job (metadata service crawler).
[[0;32m  OK  [0m] Reached target Network is Online.
         Starting iSCSI initiator daemon (iscsid)...
[[0;32m  OK  [0m] Reached target System Initialization.
[[0;32m  OK  [0m] Started Ubuntu Advantage update messaging.
[[0;32m  OK  [0m] Listening on ACPID Listen Socket.

[   15.599823] cloud-init[954]: The key fingerprint is:
[   15.600089] cloud-init[954]: SHA256:u05XOKj7CuYv3j9M6Vml3XtfnjTQTy2mT0JnCLZ9qiY root@ubuntu-xenial
[   15.600181] cloud-init[954]: The key's randomart image is:
[   15.600269] cloud-init[954]: +---[DSA 1024]----+
[   15.600414] cloud-init[954]: |                 |
[   15.600514] cloud-init[954]: |                 |
[   15.600598] cloud-init[954]: |          o      |
[   15.600674] cloud-init[954]: |         o =... .|
[   15.600748] cloud-init[954]: |        S.++=o*.o|
[   15.600821] cloud-init[954]: |       .o.o+.Boo.|
[   15.600907] cloud-init[954]: |    o .+oo. + .+o|
[   15.600986] cloud-init[954]: |   o.o oEo.. +o.=|
[   15.601062] cloud-init[954]: |   .oo===+.   .o+|
[   15.601259] cloud-init[954]: +----[SHA256]-----+
[   15.601409] cloud-init[954]: Generating public/private ecdsa key pair.
[   15.601574] cloud-init[954]: Your identification has been saved in /etc/ssh/ssh_host_ecdsa_key.
[   15.601719] cloud-init[954]: Your public key has been saved in /etc/ssh/ssh_host_ecdsa_key.pub.
[   15.601925] cloud-init[954]: The key fingerprint is:
[   15.602044] cloud-init[954]: SHA256:57mNPG64TsrLr2l+mPth75F6oiwoqBQU6sd5p7UbTW8 root@ubuntu-xenial
[   15.602218] cloud-init[954]: The key's randomart image is:
[   15.602342] cloud-init[954]: +---[ECDSA 256]---+
[   15.602471] cloud-init[954]: | .               |
[   15.602595] cloud-init[954]: |. .              |
[   15.602707] cloud-init[954]: |..               |
[   15.602895] cloud-init[954]: |o . .            |
[   15.603007] cloud-init[954]: | o + . oS..      |
[   15.603099] cloud-init[954]: |  o . + +o.o     |
[   15.603249] cloud-init[954]: |.. . . =+o=E     |
[   15.603422] cloud-init[954]: |+ . .++=*===     |
[   15.603600] cloud-init[954]: |o.   +%@*BB..    |
[   15.603703] cloud-init[954]: +----[SHA256]-----+
[   15.603771] cloud-init[954]: Generating public/private ed25519 key pair.
[   15.603834] cloud-init[954]: Your identification has been saved in /etc/ssh/ssh_host_ed25519_key.
[   15.603901] cloud-init[954]: Your public key has been saved in /etc/ssh/ssh_host_ed25519_key.pub.
[   15.603963] cloud-init[954]: The key fingerprint is:
[   15.604023] cloud-init[954]: SHA256:PSdwffsJrZJphuaACQNvLSqsf+aLO6sfj0ZlPJ1MBZw root@ubuntu-xenial
[   15.604082] cloud-init[954]: The key's randomart image is:
[   15.604167] cloud-init[954]: +--[ED25519 256]--+
[   15.604188] cloud-init[954]: |     ..+.        |
[   15.604208] cloud-init[954]: |      E    .     |
[   15.604382] cloud-init[954]: | . . + .. . . .  |
[   15.604408] cloud-init[954]: |  o * +  +   ... |
[   15.604429] cloud-init[954]: |   O o  S + .... |
[   15.604539] cloud-init[954]: |. + + o   .+o o..|
[   15.604609] cloud-init[954]: |.+.  o . o * . ..|
[   15.604662] cloud-init[954]: |o o=o   + o .    |
[   15.604711] cloud-init[954]: |o=BB+.   .       |
[   15.604756] cloud-init[954]: +----[SHA256]-----+
[[0;32m  OK  [0m] Started ACPI Events Check.
[[0;32m  OK  [0m] Reached target Paths.
[[0;32m  OK  [0m] Started Daily apt download activities.
[[0;32m  OK  [0m] Started Daily apt upgrade and clean activities.
[[0;32m  OK  [0m] Listening on UUID daemon activation socket.
[[0;32m  OK  [0m] Listening on D-Bus System Message Bus Socket.
[[0;32m  OK  [0m] Started Daily Cleanup of Temporary Directories.
         Starting Socket activation for snappy daemon.
[[0;32m  OK  [0m] Started Message of the Day.
[[0;32m  OK  [0m] Reached target Timers.
         Starting LXD - unix socket.
[[0;32m  OK  [0m] Reached target Cloud-config availability.
[[0;32m  OK  [0m] Listening on Socket activation for snappy daemon.
[[0;32m  OK  [0m] Listening on LXD - unix socket.
[[0;32m  OK  [0m] Started iSCSI initiator daemon (iscsid).
         Starting Login to default iSCSI targets...
[[0;32m  OK  [0m] Reached target Sockets.
[[0;32m  OK  [0m] Reached target Basic System.
         Starting LXD - container startup/shutdown...
[[0;32m  OK  [0m] Started ACPI event daemon.
[[0;32m  OK  [0m] Started D-Bus System Message Bus.
         Starting System Logging Service...
[[0;32m  OK  [0m] Started Deferred execution scheduler.
[[0;32m  OK  [0m] Started FUSE filesystem for LXC.
         Starting /etc/rc.local Compatibility...
         Starting Virtualbox guest utils...
         Starting Snap Daemon...
[[0;32m  OK  [0m] Started Regular background program processing daemon.
         Starting LSB: Record successful boot for GRUB...
         Starting LSB: MD monitoring daemon...
         Starting Login Service...
         Starting Pollinate to seed the pseudo random number generator...
         Starting Accounts Service...
[[0;32m  OK  [0m] Started /etc/rc.local Compatibility.
[[0;32m  OK  [0m] Started Login Service.
[[0;32m  OK  [0m] Started Unattended Upgrades Shutdown.
[[0;32m  OK  [0m] Started Login to default iSCSI targets.
[[0;32m  OK  [0m] Reached target Remote File Systems (Pre).
[[0;32m  OK  [0m] Reached target Remote File Systems.
         Starting LSB: daemon to balance interrupts for SMP systems...
         Starting LSB: Set the CPU Frequency Scaling governor to "ondemand"...
         Starting LSB: automatic crash report generation...
         Starting Permit User Sessions...
[[0;32m  OK  [0m] Started Permit User Sessions.
         Starting Hold until boot process finishes up...
         Starting Terminate Plymouth Boot Screen...
[[0;32m  OK  [0m] Started Terminate Plymouth Boot Screen.
[[0;32m  OK  [0m] Started Hold until boot process finishes up.
[[0;32m  OK  [0m] Started Serial Getty on ttyS0.
         Starting Set console scheme...
[[0;32m  OK  [0m] Started Getty on tty1.
[[0;32m  OK  [0m] Reached target Login Prompts.
[[0;32m  OK  [0m] Started System Logging Service.
[[0;32m  OK  [0m] Started Set console scheme.
[[0;32m  OK  [0m] Started LSB: Set the CPU Frequency Scaling governor to "ondemand".
[[0;32m  OK  [0m] Started LSB: MD monitoring daemon.
[[0;32m  OK  [0m] Started LSB: Record successful boot for GRUB.
[[0;32m  OK  [0m] Started LSB: daemon to balance interrupts for SMP systems.
         Starting Authenticate and Authorize Users to Run Privileged Tasks...
[[0;32m  OK  [0m] Started LSB: automatic crash report generation.
[[0;32m  OK  [0m] Started LXD - container startup/shutdown.
[[0;32m  OK  [0m] Started Authenticate and Authorize Users to Run Privileged Tasks.
[[0;32m  OK  [0m] Started Accounts Service.
[[0;32m  OK  [0m] Started Virtualbox guest utils.
[[0;32m  OK  [0m] Started Pollinate to seed the pseudo random number generator.
         Starting OpenBSD Secure Shell server...
[[0;32m  OK  [0m] Started OpenBSD Secure Shell server.
[[0;32m  OK  [0m] Started Snap Daemon.
         Starting Wait until snapd is fully seeded...
[[0;32m  OK  [0m] Created slice User Slice of vagrant.
         Starting User Manager for UID 1000...
[[0;32m  OK  [0m] Started Session 1 of user vagrant.
[[0;32m  OK  [0m] Started User Manager for UID 1000.
[[0;32m  OK  [0m] Started Wait until snapd is fully seeded.
[[0;32m  OK  [0m] Reached target Multi-User System.
[[0;32m  OK  [0m] Reached target Graphical Interface.
         Starting Update UTMP about System Runlevel Changes...
         Starting Apply the settings specified in cloud-config...
[[0;32m  OK  [0m] Started Update UTMP about System Runlevel Changes.
[   20.332384] cloud-init[1380]: Generating locales (this might take a while)...

Ubuntu 16.04.7 LTS ubuntu-xenial ttyS0

ubuntu-xenial login: [   22.827565] cloud-init[1380]:   en_US.UTF-8... done
[   22.828416] cloud-init[1380]: Generation complete.
[   23.695822] cloud-init[1380]: Cloud-init v. 21.1-19-gbad84ad4-0ubuntu1~16.04.2 running 'modules:config' at Tue, 17 May 2022 13:55:32 +0000. Up 20.05 seconds.
ci-info: no authorized SSH keys fingerprints found for user ubuntu.
<14>May 17 13:55:37 ec2: 
<14>May 17 13:55:37 ec2: #############################################################
<14>May 17 13:55:37 ec2: -----BEGIN SSH HOST KEY FINGERPRINTS-----
<14>May 17 13:55:37 ec2: 1024 SHA256:u05XOKj7CuYv3j9M6Vml3XtfnjTQTy2mT0JnCLZ9qiY root@ubuntu-xenial (DSA)
<14>May 17 13:55:37 ec2: 256 SHA256:57mNPG64TsrLr2l+mPth75F6oiwoqBQU6sd5p7UbTW8 root@ubuntu-xenial (ECDSA)
<14>May 17 13:55:37 ec2: 256 SHA256:PSdwffsJrZJphuaACQNvLSqsf+aLO6sfj0ZlPJ1MBZw root@ubuntu-xenial (ED25519)
<14>May 17 13:55:37 ec2: 2048 SHA256:1EkmYVLxyujXOTp8oF1P8sfjXlPMp4nez8ViZ/h3pBs root@ubuntu-xenial (RSA)
<14>May 17 13:55:37 ec2: -----END SSH HOST KEY FINGERPRINTS-----
<14>May 17 13:55:37 ec2: #############################################################
-----BEGIN SSH HOST KEY KEYS-----
ecdsa-sha2-nistp256 AAAAE2VjZHNhLXNoYTItbmlzdHAyNTYAAAAIbmlzdHAyNTYAAABBBFmjCygOm/PBcNWJNnn73zQxOvJ9FPgqoe0q9s7uHxl2LmYSRZjdF9oMA3ToP1NlA3GA0MqfLfCA8qHSResAm80= root@ubuntu-xenial
ssh-ed25519 AAAAC3NzaC1lZDI1NTE5AAAAIN+Mc04saMZemO3MdUtdmH9P1jGz4sJbniaej+ago5WD root@ubuntu-xenial
ssh-rsa AAAAB3NzaC1yc2EAAAADAQABAAABAQC5aRQDQaK8fDURFHw5CcJAYN+6TxUrBNv3W8jzJbi52u9g8AGcAKiwLrWrCZHSYWH8fPaQohGCEogQbB7atyLNdRzc2j10Rvp1NCLZZA1BiW8Qh1j5vlw7MoqKeZizdgVGg4m9fG2JTUrN+kjLfjt1WGOpi5y3vX7Xlc2f27JNs2iWeovWWilssHqSa7ZnEaT1alNluRdyvfH65Q5kQQVTPyLWyzY3qH06H4vWmEapjFzJNN+tT3m5splC2WAQEwEhHhkcpykKYWA2V7mqK9t4v7mRykBbX82qVRcJ4nf1GlFFeXqVXaOoAJVAveq43YgPxr+HnZYUtXeFitXG98K9 root@ubuntu-xenial
-----END SSH HOST KEY KEYS-----
[   24.465393] cloud-init[1543]: Cloud-init v. 21.1-19-gbad84ad4-0ubuntu1~16.04.2 running 'modules:final' at Tue, 17 May 2022 13:55:36 +0000. Up 24.14 seconds.
[   24.465662] cloud-init[1543]: ci-info: no authorized SSH keys fingerprints found for user ubuntu.
[   24.465791] cloud-init[1543]: Cloud-init v. 21.1-19-gbad84ad4-0ubuntu1~16.04.2 finished at Tue, 17 May 2022 13:55:37 +0000. Datasource DataSourceNoCloud [seed=/dev/sdb][dsmode=net].  Up 24.40 seconds
